


ARM Macro Assembler    Page 1 


    1 00000000 00001000 
                       Stack_Size
                               EQU              0x00001000
    2 00000000         
    3 00000000                 AREA             STACK, NOINIT, READWRITE, ALIGN
=3
    4 00000000         Stack_Mem
                               SPACE            Stack_Size
    5 00001000         __initial_sp
    6 00001000         
    7 00001000         
    8 00001000 00001000 
                       Heap_Size
                               EQU              0x00001000
    9 00001000         
   10 00001000                 AREA             HEAP, NOINIT, READWRITE, ALIGN=
3
   11 00000000         __heap_base
   12 00000000         Heap_Mem
                               SPACE            Heap_Size
   13 00001000         __heap_limit
   14 00001000         
   15 00001000         
   16 00001000         ; Vector Table Mapped to Address 0 at Reset
   17 00001000         
   18 00001000                 PRESERVE8
   19 00001000                 THUMB
   20 00001000         
   21 00001000                 AREA             RESET, DATA, READONLY
   22 00000000                 EXPORT           __Vectors
   23 00000000         
   24 00000000 00000000 
                       __Vectors
                               DCD              __initial_sp ; Top of Stack
   25 00000004 00000000        DCD              Reset_Handler ; Reset Handler
   26 00000008 00000000        DCD              0
   27 0000000C 00000000        DCD              0
   28 00000010 00000000        DCD              0
   29 00000014 00000000        DCD              0
   30 00000018 00000000        DCD              0
   31 0000001C 00000000        DCD              0
   32 00000020 00000000        DCD              0
   33 00000024 00000000        DCD              0
   34 00000028 00000000        DCD              0
   35 0000002C 00000000        DCD              0
   36 00000030 00000000        DCD              0
   37 00000034 00000000        DCD              0
   38 00000038 00000000        DCD              OS_CPU_PendSVHandler 
                                                            ; PendSV Handler
   39 0000003C 00000000        DCD              OS_CPU_SysTickHandler 
                                                            ; SysTick Handler
   40 00000040         
   41 00000040         ; External Interrupts
   42 00000040 00000000        DCD              0
   43 00000044 00000000        DCD              0
   44 00000048 00000000        DCD              0
   45 0000004C 00000000        DCD              0
   46 00000050 00000000        DCD              0
   47 00000054 00000000        DCD              0



ARM Macro Assembler    Page 2 


   48 00000058 00000000        DCD              0
   49 0000005C 00000000        DCD              0
   50 00000060 00000000        DCD              0
   51 00000064 00000000        DCD              0
   52 00000068 00000000        DCD              0
   53 0000006C 00000000        DCD              0
   54 00000070 00000000        DCD              0
   55 00000074 00000000        DCD              0
   56 00000078 00000000        DCD              0
   57 0000007C 00000000        DCD              0
   58 00000080         
   59 00000080                 AREA             |.text|, CODE, READONLY
   60 00000000         
   61 00000000         ; Reset Handler
   62 00000000         
   63 00000000         Reset_Handler
                               PROC
   64 00000000                 EXPORT           Reset_Handler
   65 00000000                 ENTRY
   66 00000000                 IMPORT           __main
   67 00000000 4804            LDR              R0, =__main
   68 00000002 4700            BX               R0          ; Branch to __main
   69 00000004                 ENDP
   70 00000004         
   71 00000004                 ALIGN            4           ; Align to a word b
                                                            oundary
   72 00000004         
   73 00000004         
   74 00000004         OS_CPU_PendSVHandler
                               PROC
   75 00000004                 EXPORT           OS_CPU_PendSVHandler           
  [WEAK]
   76 00000004 E7FE            B                .
   77 00000006                 ENDP
   78 00000006         OS_CPU_SysTickHandler
                               PROC
   79 00000006                 EXPORT           OS_CPU_SysTickHandler          
  [WEAK]
   80 00000006 E7FE            B                .
   81 00000008                 ENDP
   82 00000008         
   83 00000008         ; User Initial Stack & Heap
   84 00000008         
   85 00000008                 IF               :DEF:__MICROLIB
   92 00000008         
   93 00000008                 IMPORT           __use_two_region_memory
   94 00000008                 EXPORT           __user_initial_stackheap
   95 00000008         
   96 00000008         __user_initial_stackheap
                               PROC
   97 00000008 4803            LDR              R0, =  Heap_Mem
   98 0000000A 4904            LDR              R1, =(Stack_Mem + Stack_Size)
   99 0000000C 4A04            LDR              R2, = (Heap_Mem+  Heap_Size)
  100 0000000E 4B05            LDR              R3, = Stack_Mem
  101 00000010 4770            BX               LR
  102 00000012                 ENDP
  103 00000012         
  104 00000012 00 00           ALIGN
  105 00000014         



ARM Macro Assembler    Page 3 


  106 00000014                 ENDIF
  107 00000014         
  108 00000014         
  109 00000014                 END
              00000000 
              00000000 
              00001000 
              00001000 
              00000000 
Command Line: --debug --xref --diag_suppress=9931 --cpu=Cortex-M3 --apcs=interw
ork --depend=.\objects\armsoc.d -o.\objects\armsoc.o -I.\RTE\_Target_1 -ID:\Cod
ing\MDKeil\ARM\PACK\ARM\CMSIS\5.4.0\Device\ARM\ARMCM3\Include -ID:\Coding\MDKei
l\ARM\CMSIS\Include --predefine="__UVISION_VERSION SETA 525" --predefine="ARMCM
3 SETA 1" --list=.\listings\armsoc.lst src\ARMSOC.s



ARM Macro Assembler    Page 1 Alphabetic symbol ordering
Relocatable symbols

STACK 00000000

Symbol: STACK
   Definitions
      At line 3 in file src\ARMSOC.s
   Uses
      None
Comment: STACK unused
Stack_Mem 00000000

Symbol: Stack_Mem
   Definitions
      At line 4 in file src\ARMSOC.s
   Uses
      At line 98 in file src\ARMSOC.s
      At line 100 in file src\ARMSOC.s

__initial_sp 00001000

Symbol: __initial_sp
   Definitions
      At line 5 in file src\ARMSOC.s
   Uses
      At line 24 in file src\ARMSOC.s
Comment: __initial_sp used once
3 symbols



ARM Macro Assembler    Page 1 Alphabetic symbol ordering
Relocatable symbols

HEAP 00000000

Symbol: HEAP
   Definitions
      At line 10 in file src\ARMSOC.s
   Uses
      None
Comment: HEAP unused
Heap_Mem 00000000

Symbol: Heap_Mem
   Definitions
      At line 12 in file src\ARMSOC.s
   Uses
      At line 97 in file src\ARMSOC.s
      At line 99 in file src\ARMSOC.s

__heap_base 00000000

Symbol: __heap_base
   Definitions
      At line 11 in file src\ARMSOC.s
   Uses
      None
Comment: __heap_base unused
__heap_limit 00001000

Symbol: __heap_limit
   Definitions
      At line 13 in file src\ARMSOC.s
   Uses
      None
Comment: __heap_limit unused
4 symbols



ARM Macro Assembler    Page 1 Alphabetic symbol ordering
Relocatable symbols

RESET 00000000

Symbol: RESET
   Definitions
      At line 21 in file src\ARMSOC.s
   Uses
      None
Comment: RESET unused
__Vectors 00000000

Symbol: __Vectors
   Definitions
      At line 24 in file src\ARMSOC.s
   Uses
      At line 22 in file src\ARMSOC.s
Comment: __Vectors used once
2 symbols



ARM Macro Assembler    Page 1 Alphabetic symbol ordering
Relocatable symbols

.text 00000000

Symbol: .text
   Definitions
      At line 59 in file src\ARMSOC.s
   Uses
      None
Comment: .text unused
OS_CPU_PendSVHandler 00000004

Symbol: OS_CPU_PendSVHandler
   Definitions
      At line 74 in file src\ARMSOC.s
   Uses
      At line 38 in file src\ARMSOC.s
      At line 75 in file src\ARMSOC.s

OS_CPU_SysTickHandler 00000006

Symbol: OS_CPU_SysTickHandler
   Definitions
      At line 78 in file src\ARMSOC.s
   Uses
      At line 39 in file src\ARMSOC.s
      At line 79 in file src\ARMSOC.s

Reset_Handler 00000000

Symbol: Reset_Handler
   Definitions
      At line 63 in file src\ARMSOC.s
   Uses
      At line 25 in file src\ARMSOC.s
      At line 64 in file src\ARMSOC.s

__user_initial_stackheap 00000008

Symbol: __user_initial_stackheap
   Definitions
      At line 96 in file src\ARMSOC.s
   Uses
      At line 94 in file src\ARMSOC.s
Comment: __user_initial_stackheap used once
5 symbols



ARM Macro Assembler    Page 1 Alphabetic symbol ordering
Absolute symbols

Heap_Size 00001000

Symbol: Heap_Size
   Definitions
      At line 8 in file src\ARMSOC.s
   Uses
      At line 12 in file src\ARMSOC.s
      At line 99 in file src\ARMSOC.s

Stack_Size 00001000

Symbol: Stack_Size
   Definitions
      At line 1 in file src\ARMSOC.s
   Uses
      At line 4 in file src\ARMSOC.s
      At line 98 in file src\ARMSOC.s

2 symbols



ARM Macro Assembler    Page 1 Alphabetic symbol ordering
External symbols

__main 00000000

Symbol: __main
   Definitions
      At line 66 in file src\ARMSOC.s
   Uses
      At line 67 in file src\ARMSOC.s
Comment: __main used once
__use_two_region_memory 00000000

Symbol: __use_two_region_memory
   Definitions
      At line 93 in file src\ARMSOC.s
   Uses
      None
Comment: __use_two_region_memory unused
2 symbols
354 symbols in table
